[debug] [2018-10-30T15:56:05.455Z] ----------------------------------------------------------------------
[debug] [2018-10-30T15:56:05.459Z] Command:       C:\Program Files\nodejs\node.exe C:\Users\User\AppData\Roaming\npm\node_modules\firebase-tools\bin\firebase serve
[debug] [2018-10-30T15:56:05.459Z] CLI Version:   4.2.1
[debug] [2018-10-30T15:56:05.459Z] Platform:      win32
[debug] [2018-10-30T15:56:05.459Z] Node Version:  v8.12.0
[debug] [2018-10-30T15:56:05.459Z] Time:          Tue Oct 30 2018 22:56:05 GMT+0700 (SE Asia Standard Time)
[debug] [2018-10-30T15:56:05.459Z] ----------------------------------------------------------------------
[debug] 
[debug] [2018-10-30T15:56:05.467Z] > command requires scopes: ["email","openid","https://www.googleapis.com/auth/cloudplatformprojects.readonly","https://www.googleapis.com/auth/firebase","https://www.googleapis.com/auth/cloud-platform"]
[debug] [2018-10-30T15:56:05.467Z] > authorizing via signed-in user
[debug] [2018-10-30T15:56:05.471Z] >>> HTTP REQUEST GET https://admin.firebase.com/v1/projects/shopee-8710c  
 
[debug] [2018-10-30T15:56:08.319Z] <<< HTTP RESPONSE 200
[debug] [2018-10-30T15:56:08.323Z] >>> HTTP REQUEST GET https://cloudresourcemanager.googleapis.com/v1/projects/shopee-8710c  
 
[debug] [2018-10-30T15:56:09.850Z] <<< HTTP RESPONSE 200
[info] 
[info] === Serving from 'D:\moblieapp\mobilequiz1'...
[info] 
[debug] [2018-10-30T15:56:09.857Z] >>> HTTP REQUEST GET https://mobilesdk-pa.googleapis.com/v1/projects/708925055871/clients/_:getWebAppConfig  
 
[debug] [2018-10-30T15:56:10.969Z] <<< HTTP RESPONSE 200
[info] i  hosting[shopee-8710c]: Serving hosting files from: public
[info] +  hosting[shopee-8710c]: Local server: http://localhost:5000
[debug] [2018-10-31T03:19:41.449Z] ----------------------------------------------------------------------
[debug] [2018-10-31T03:19:41.452Z] Command:       C:\Program Files\nodejs\node.exe C:\Users\User\AppData\Roaming\npm\node_modules\firebase-tools\bin\firebase serve
[debug] [2018-10-31T03:19:41.453Z] CLI Version:   4.2.1
[debug] [2018-10-31T03:19:41.453Z] Platform:      win32
[debug] [2018-10-31T03:19:41.453Z] Node Version:  v8.12.0
[debug] [2018-10-31T03:19:41.453Z] Time:          Wed Oct 31 2018 10:19:41 GMT+0700 (SE Asia Standard Time)
[debug] [2018-10-31T03:19:41.453Z] ----------------------------------------------------------------------
[debug] 
[debug] [2018-10-31T03:19:41.467Z] > command requires scopes: ["email","openid","https://www.googleapis.com/auth/cloudplatformprojects.readonly","https://www.googleapis.com/auth/firebase","https://www.googleapis.com/auth/cloud-platform"]
[debug] [2018-10-31T03:19:41.467Z] > authorizing via signed-in user
[debug] [2018-10-31T03:19:41.470Z] > refreshing access token with scopes: ["email","https://www.googleapis.com/auth/cloud-platform","https://www.googleapis.com/auth/cloudplatformprojects.readonly","https://www.googleapis.com/auth/firebase","openid"]
[debug] [2018-10-31T03:19:41.470Z] >>> HTTP REQUEST POST https://www.googleapis.com/oauth2/v3/token  

[debug] [2018-10-31T03:19:41.764Z] <<< HTTP RESPONSE 200
[debug] [2018-10-31T03:19:41.950Z] >>> HTTP REQUEST GET https://admin.firebase.com/v1/projects/shopee-8710c  
 
[debug] [2018-10-31T03:19:43.101Z] <<< HTTP RESPONSE 200
[debug] [2018-10-31T03:19:43.104Z] >>> HTTP REQUEST GET https://cloudresourcemanager.googleapis.com/v1/projects/shopee-8710c  
 
[debug] [2018-10-31T03:19:44.524Z] <<< HTTP RESPONSE 200
[info] 
[info] === Serving from 'D:\moblieapp\mobilequiz1'...
[info] 
[debug] [2018-10-31T03:19:44.540Z] >>> HTTP REQUEST GET https://mobilesdk-pa.googleapis.com/v1/projects/708925055871/clients/_:getWebAppConfig  
 
[debug] [2018-10-31T03:19:45.314Z] <<< HTTP RESPONSE 200
[info] i  hosting[shopee-8710c]: Serving hosting files from: public
[info] +  hosting[shopee-8710c]: Local server: http://localhost:5000
[debug] [2018-11-01T02:20:08.824Z] ----------------------------------------------------------------------
[debug] [2018-11-01T02:20:08.827Z] Command:       C:\Program Files\nodejs\node.exe C:\Users\User\AppData\Roaming\npm\node_modules\firebase-tools\bin\firebase serve
[debug] [2018-11-01T02:20:08.827Z] CLI Version:   4.2.1
[debug] [2018-11-01T02:20:08.827Z] Platform:      win32
[debug] [2018-11-01T02:20:08.827Z] Node Version:  v8.12.0
[debug] [2018-11-01T02:20:08.828Z] Time:          Thu Nov 01 2018 09:20:08 GMT+0700 (SE Asia Standard Time)
[debug] [2018-11-01T02:20:08.828Z] ----------------------------------------------------------------------
[debug] 
[debug] [2018-11-01T02:20:08.845Z] > command requires scopes: ["email","openid","https://www.googleapis.com/auth/cloudplatformprojects.readonly","https://www.googleapis.com/auth/firebase","https://www.googleapis.com/auth/cloud-platform"]
[debug] [2018-11-01T02:20:08.846Z] > authorizing via signed-in user
[debug] [2018-11-01T02:20:08.848Z] > refreshing access token with scopes: ["email","https://www.googleapis.com/auth/cloud-platform","https://www.googleapis.com/auth/cloudplatformprojects.readonly","https://www.googleapis.com/auth/firebase","openid"]
[debug] [2018-11-01T02:20:08.848Z] >>> HTTP REQUEST POST https://www.googleapis.com/oauth2/v3/token  

[debug] [2018-11-01T02:20:11.281Z] <<< HTTP RESPONSE 200
[debug] [2018-11-01T02:20:11.681Z] >>> HTTP REQUEST GET https://admin.firebase.com/v1/projects/shopee-8710c  
 
[debug] [2018-11-01T02:20:13.830Z] <<< HTTP RESPONSE 200
[debug] [2018-11-01T02:20:13.833Z] >>> HTTP REQUEST GET https://cloudresourcemanager.googleapis.com/v1/projects/shopee-8710c  
 
[debug] [2018-11-01T02:20:15.730Z] <<< HTTP RESPONSE 200
[info] 
[info] === Serving from 'D:\moblieapp\mobilequiz1'...
[info] 
[debug] [2018-11-01T02:20:15.732Z] >>> HTTP REQUEST GET https://mobilesdk-pa.googleapis.com/v1/projects/708925055871/clients/_:getWebAppConfig  
 
[debug] [2018-11-01T02:20:16.480Z] <<< HTTP RESPONSE 200
[info] i  hosting[shopee-8710c]: Serving hosting files from: public
[info] +  hosting[shopee-8710c]: Local server: http://localhost:5000
[debug] [2018-11-01T04:18:46.347Z] ----------------------------------------------------------------------
[debug] [2018-11-01T04:18:46.362Z] Command:       C:\Program Files\nodejs\node.exe C:\Users\User\AppData\Roaming\npm\node_modules\firebase-tools\bin\firebase serve
[debug] [2018-11-01T04:18:46.362Z] CLI Version:   4.2.1
[debug] [2018-11-01T04:18:46.362Z] Platform:      win32
[debug] [2018-11-01T04:18:46.362Z] Node Version:  v8.12.0
[debug] [2018-11-01T04:18:46.362Z] Time:          Thu Nov 01 2018 11:18:46 GMT+0700 (SE Asia Standard Time)
[debug] [2018-11-01T04:18:46.362Z] ----------------------------------------------------------------------
[debug] 
[debug] [2018-11-01T04:18:46.454Z] > command requires scopes: ["email","openid","https://www.googleapis.com/auth/cloudplatformprojects.readonly","https://www.googleapis.com/auth/firebase","https://www.googleapis.com/auth/cloud-platform"]
[debug] [2018-11-01T04:18:46.454Z] > authorizing via signed-in user
[debug] [2018-11-01T04:18:46.454Z] > refreshing access token with scopes: ["email","https://www.googleapis.com/auth/cloud-platform","https://www.googleapis.com/auth/cloudplatformprojects.readonly","https://www.googleapis.com/auth/firebase","openid"]
[debug] [2018-11-01T04:18:46.454Z] >>> HTTP REQUEST POST https://www.googleapis.com/oauth2/v3/token  

[debug] [2018-11-01T04:18:46.959Z] <<< HTTP RESPONSE 200
[debug] [2018-11-01T04:18:47.002Z] >>> HTTP REQUEST GET https://admin.firebase.com/v1/projects/shopee-8710c  
 
[debug] [2018-11-01T04:18:48.433Z] <<< HTTP RESPONSE 200
[debug] [2018-11-01T04:18:48.434Z] >>> HTTP REQUEST GET https://cloudresourcemanager.googleapis.com/v1/projects/shopee-8710c  
 
[debug] [2018-11-01T04:18:49.862Z] <<< HTTP RESPONSE 200
[info] 
[info] === Serving from 'D:\moblieapp\mobilequiz1'...
[info] 
[debug] [2018-11-01T04:18:49.862Z] >>> HTTP REQUEST GET https://mobilesdk-pa.googleapis.com/v1/projects/708925055871/clients/_:getWebAppConfig  
 
[debug] [2018-11-01T04:18:50.498Z] <<< HTTP RESPONSE 200
[info] i  hosting[shopee-8710c]: Serving hosting files from: public
[info] +  hosting[shopee-8710c]: Local server: http://localhost:5000
